<?xml version="1.0" encoding="UTF-8"?>
<testng-results ignored="0" total="1" passed="1" failed="0" skipped="0">
  <reporter-output>
  </reporter-output>
  <suite started-at="2024-02-26T21:30:36 IST" name="Default suite" finished-at="2024-02-26T21:30:46 IST" duration-ms="10663">
    <groups>
    </groups>
    <test started-at="2024-02-26T21:30:36 IST" name="Default test" finished-at="2024-02-26T21:30:46 IST" duration-ms="10663">
      <class name="com.automation.testcases.DataProvidersDemo">
        <test-method is-config="true" signature="openBrowser()[pri:0, instance:com.automation.testcases.DataProvidersDemo@58be6e8]" started-at="2024-02-26T21:30:36 IST" name="openBrowser" finished-at="2024-02-26T21:30:45 IST" duration-ms="9451" status="PASS">
          <reporter-output>
          </reporter-output>
        </test-method> <!-- openBrowser -->
        <test-method signature="Login(java.lang.String,java.lang.String)[pri:0, instance:com.automation.testcases.DataProvidersDemo@58be6e8]" started-at="2024-02-26T21:30:45 IST" name="Login" data-provider="getTestData" finished-at="2024-02-26T21:30:46 IST" duration-ms="629" status="PASS">
          <params>
            <param index="0">
              <value>
                <![CDATA[Admin]]>
              </value>
            </param>
            <param index="1">
              <value>
                <![CDATA[Admin123]]>
              </value>
            </param>
          </params>
          <reporter-output>
          </reporter-output>
        </test-method> <!-- Login -->
        <test-method is-config="true" signature="closeBrowser()[pri:0, instance:com.automation.testcases.DataProvidersDemo@58be6e8]" started-at="2024-02-26T21:30:46 IST" name="closeBrowser" finished-at="2024-02-26T21:30:46 IST" duration-ms="325" status="PASS">
          <reporter-output>
          </reporter-output>
        </test-method> <!-- closeBrowser -->
      </class> <!-- com.automation.testcases.DataProvidersDemo -->
    </test> <!-- Default test -->
  </suite> <!-- Default suite -->
</testng-results>
